{"level":"info","message":"Server is running at http://localhost:5000","timestamp":"2025-04-10T08:04:09.465Z"}
{"level":"info","message":"Модели успешно загружены","timestamp":"2025-04-10T08:04:09.982Z"}
{"level":"error","message":"Call to 'getUpdates' failed! (409: Conflict: termi","timestamp":"2025-04-10T08:12:18.687Z"}
{"level":"error","timestamp":"2025-04-10T08:26:20.720Z"}
{"level":"error","timestamp":"2025-04-10T08:27:49.628Z"}
{"level":"error","timestamp":"2025-04-10T08:29:37.479Z"}
{"level":"error","timestamp":"2025-04-10T08:31:23.364Z"}
{"level":"error","timestamp":"2025-04-10T08:32:02.795Z"}
{"level":"error","timestamp":"2025-04-10T08:33:11.865Z"}
{"level":"error","timestamp":"2025-04-10T08:34:23.195Z"}
{"level":"error","message":"Call to 'getUpdates' failed! (409: Conflict: termi","timestamp":"2025-04-10T08:42:19.713Z"}
{"level":"error","timestamp":"2025-04-10T08:47:25.475Z"}
{"level":"error","message":"Error in surveyScene: Error addSurveyInActive: в подготовленный оператор","timestamp":"2025-04-10T08:50:56.030Z"}
{"level":"error","timestamp":"2025-04-10T08:53:36.904Z"}
{"level":"info","message":[],"timestamp":"2025-04-10T09:11:34.166Z"}
{"level":"info","message":[],"timestamp":"2025-04-10T09:11:34.168Z"}
{"level":"error","message":"Call to 'getUpdates' failed! (409: Conflict: termi","timestamp":"2025-04-10T09:12:20.294Z"}
{"level":"info","message":[],"timestamp":"2025-04-10T09:18:46.852Z"}
{"level":"info","message":[],"timestamp":"2025-04-10T09:18:46.854Z"}
{"level":"info","message":[],"timestamp":"2025-04-10T09:20:04.931Z"}
{"level":"info","message":[],"timestamp":"2025-04-10T09:20:04.934Z"}
{"level":"info","message":[],"timestamp":"2025-04-10T09:20:31.457Z"}
{"level":"info","message":[],"timestamp":"2025-04-10T09:20:31.460Z"}
{"level":"info","message":[],"timestamp":"2025-04-10T09:22:18.172Z"}
{"level":"info","message":[],"timestamp":"2025-04-10T09:22:18.174Z"}
{"level":"info","message":[],"timestamp":"2025-04-10T09:22:47.975Z"}
{"level":"info","message":[],"timestamp":"2025-04-10T09:22:47.978Z"}
{"level":"info","message":[],"timestamp":"2025-04-10T09:23:49.979Z"}
{"level":"info","message":[],"timestamp":"2025-04-10T09:23:49.981Z"}
{"level":"error","message":"Call to 'getUpdates' failed! (409: Conflict: termi","timestamp":"2025-04-10T09:42:20.969Z"}
{"level":"info","message":"Пользователь 7235839681 инициировал вывод 0.05 TON на адрес UQClrpElCar-II5uBTIWjY5dBjYcbenGc3DhKDKjr4p-Skhm","timestamp":"2025-04-10T09:59:52.928Z"}
{"level":"info","message":"Запуск задачи проверки ожидающих платежей","timestamp":"2025-04-10T10:01:00.011Z"}
{"level":"info","message":"Оператору: Все попытки отправки платежа для пользователя 7235839681 исчерпаны.","timestamp":"2025-04-10T10:01:00.054Z"}
{"level":"info","message":"Запуск задачи проверки ожидающих платежей","timestamp":"2025-04-10T10:04:00.011Z"}
{"level":"info","message":646400,"timestamp":"2025-04-10T10:04:01.729Z"}
{"level":"info","message":{"isSuccess":true},"timestamp":"2025-04-10T10:04:02.338Z"}
{"level":"info","message":{"address":"UQClrpElCar-II5uBTIWjY5dBjYcbenGc3DhKDKjr4p-Skhm","amount":"0.05","attempts":0,"created_at":"2025-04-10T09:59:52.924Z","user_id":"7235839681"},"timestamp":"2025-04-10T10:04:02.338Z"}
{"level":"error","message":"Call to 'getUpdates' failed! (409: Conflict: termi","timestamp":"2025-04-10T10:12:21.355Z"}
{"level":"error","message":"Call to 'getUpdates' failed! (409: Conflict: termi","timestamp":"2025-04-10T10:42:22.066Z"}
{"level":"error","message":"Call to 'getUpdates' failed! (409: Conflict: termi","timestamp":"2025-04-10T11:24:58.178Z"}
{"level":"error","message":"Call to 'getUpdates' failed! (409: Conflict: termi","timestamp":"2025-04-10T11:55:01.744Z"}
